<?xml version="1.0" encoding="UTF-8"?>
<testsuite xmlns:xsi="http://www.w3.org/2001/XMLSchema-instance" xsi:noNamespaceSchemaLocation="https://maven.apache.org/surefire/maven-surefire-plugin/xsd/surefire-test-report-3.0.xsd" version="3.0" name="com.example.CalculatorTest" time="0.068" tests="5" errors="0" skipped="0" failures="0">
  <properties>
[...]
</properties>
  <testcase name="divideTest" classname="com.example.CalculatorTest" time="0.039"/>
  <testcase name="addTest" classname="com.example.CalculatorTest" time="0.0"/>
  <testcase name="describeTests" classname="com.example.CalculatorTest" time="0.002"/>
  <testcase name="subtractTest" classname="com.example.CalculatorTest" time="0.0"/>
  <testcase name="divideByZero" classname="com.example.CalculatorTest" time="0.001"/>
</testsuite>